<?xml version="1.0" encoding="UTF-8"?>
<!-- Generated by org.testng.reporters.JUnitXMLReporter -->
<testsuite ignored="3" hostname="DESKTOP-6ITAQL4" failures="0" tests="0" name="Default test" time="19.776" errors="0" timestamp="2024-07-29T17:33:07 IST">
  <testcase classname="nativeapp.Evaluation1" name="scrollupanddown" time="0.0">
    <ignored/>
  </testcase> <!-- scrollupanddown -->
  <testcase classname="nativeapp.Evaluation1" name="fDroid" time="0.0">
    <ignored/>
  </testcase> <!-- fDroid -->
  <testcase classname="nativeapp.Evaluation1" name="fDroidnotification" time="0.0">
    <ignored/>
  </testcase> <!-- fDroidnotification -->
</testsuite> <!-- Default test -->
